  Writer.cpp
c:\users\potapov.alexander\documents\eliademy\4\includes\writer.cpp(9): error C2784: 'std::basic_ostream<_Elem,_Traits> &std::operator <<(std::basic_ostream<_Elem,_Traits> &,const char *)': could not deduce template argument for 'std::basic_ostream<_Elem,_Traits> &' from 'std::stringstream'
  c:\program files (x86)\microsoft visual studio 14.0\vc\include\ostream(692): note: see declaration of 'std::operator <<'
c:\users\potapov.alexander\documents\eliademy\4\includes\writer.cpp(9): error C2784: 'std::basic_ostream<_Elem,_Traits> &std::operator <<(std::basic_ostream<_Elem,_Traits> &,char)': could not deduce template argument for 'std::basic_ostream<_Elem,_Traits> &' from 'std::stringstream'
  c:\program files (x86)\microsoft visual studio 14.0\vc\include\ostream(739): note: see declaration of 'std::operator <<'
c:\users\potapov.alexander\documents\eliademy\4\includes\writer.cpp(9): error C2784: 'std::basic_ostream<char,_Traits> &std::operator <<(std::basic_ostream<char,_Traits> &,const char *)': could not deduce template argument for 'std::basic_ostream<char,_Traits> &' from 'std::stringstream'
  c:\program files (x86)\microsoft visual studio 14.0\vc\include\ostream(777): note: see declaration of 'std::operator <<'
c:\users\potapov.alexander\documents\eliademy\4\includes\writer.cpp(9): error C2784: 'std::basic_ostream<char,_Traits> &std::operator <<(std::basic_ostream<char,_Traits> &,char)': could not deduce template argument for 'std::basic_ostream<char,_Traits> &' from 'std::stringstream'
  c:\program files (x86)\microsoft visual studio 14.0\vc\include\ostream(824): note: see declaration of 'std::operator <<'
c:\users\potapov.alexander\documents\eliademy\4\includes\writer.cpp(9): error C2784: 'std::basic_ostream<_Elem,_Traits> &std::operator <<(std::basic_ostream<_Elem,_Traits> &,const _Elem *)': could not deduce template argument for 'std::basic_ostream<_Elem,_Traits> &' from 'std::stringstream'
  c:\program files (x86)\microsoft visual studio 14.0\vc\include\ostream(864): note: see declaration of 'std::operator <<'
c:\users\potapov.alexander\documents\eliademy\4\includes\writer.cpp(9): error C2784: 'std::basic_ostream<_Elem,_Traits> &std::operator <<(std::basic_ostream<_Elem,_Traits> &,_Elem)': could not deduce template argument for 'std::basic_ostream<_Elem,_Traits> &' from 'std::stringstream'
  c:\program files (x86)\microsoft visual studio 14.0\vc\include\ostream(911): note: see declaration of 'std::operator <<'
c:\users\potapov.alexander\documents\eliademy\4\includes\writer.cpp(9): error C2784: 'std::basic_ostream<char,_Traits> &std::operator <<(std::basic_ostream<char,_Traits> &,const signed char *)': could not deduce template argument for 'std::basic_ostream<char,_Traits> &' from 'std::stringstream'
  c:\program files (x86)\microsoft visual studio 14.0\vc\include\ostream(950): note: see declaration of 'std::operator <<'
c:\users\potapov.alexander\documents\eliademy\4\includes\writer.cpp(9): error C2784: 'std::basic_ostream<char,_Traits> &std::operator <<(std::basic_ostream<char,_Traits> &,signed char)': could not deduce template argument for 'std::basic_ostream<char,_Traits> &' from 'std::stringstream'
  c:\program files (x86)\microsoft visual studio 14.0\vc\include\ostream(957): note: see declaration of 'std::operator <<'
c:\users\potapov.alexander\documents\eliademy\4\includes\writer.cpp(9): error C2784: 'std::basic_ostream<char,_Traits> &std::operator <<(std::basic_ostream<char,_Traits> &,const unsigned char *)': could not deduce template argument for 'std::basic_ostream<char,_Traits> &' from 'std::stringstream'
  c:\program files (x86)\microsoft visual studio 14.0\vc\include\ostream(964): note: see declaration of 'std::operator <<'
c:\users\potapov.alexander\documents\eliademy\4\includes\writer.cpp(9): error C2784: 'std::basic_ostream<char,_Traits> &std::operator <<(std::basic_ostream<char,_Traits> &,unsigned char)': could not deduce template argument for 'std::basic_ostream<char,_Traits> &' from 'std::stringstream'
  c:\program files (x86)\microsoft visual studio 14.0\vc\include\ostream(971): note: see declaration of 'std::operator <<'
c:\users\potapov.alexander\documents\eliademy\4\includes\writer.cpp(9): error C2784: 'std::basic_ostream<_Elem,_Traits> &std::operator <<(std::basic_ostream<_Elem,_Traits> &&,const _Ty &)': could not deduce template argument for 'std::basic_ostream<_Elem,_Traits> &&' from 'std::stringstream'
  c:\program files (x86)\microsoft visual studio 14.0\vc\include\ostream(981): note: see declaration of 'std::operator <<'
c:\users\potapov.alexander\documents\eliademy\4\includes\writer.cpp(9): error C2784: 'std::basic_ostream<_Elem,_Traits> &std::operator <<(std::basic_ostream<_Elem,_Traits> &,const std::error_code &)': could not deduce template argument for 'std::basic_ostream<_Elem,_Traits> &' from 'std::stringstream'
  c:\program files (x86)\microsoft visual studio 14.0\vc\include\ostream(1019): note: see declaration of 'std::operator <<'
c:\users\potapov.alexander\documents\eliademy\4\includes\writer.cpp(9): error C2784: 'std::basic_ostream<_Elem,_Traits> &std::operator <<(std::basic_ostream<_Elem,_Traits> &,const std::basic_string<_Elem,_Traits,_Alloc> &)': could not deduce template argument for 'std::basic_ostream<_Elem,_Traits> &' from 'std::stringstream'
  c:\program files (x86)\microsoft visual studio 14.0\vc\include\string(167): note: see declaration of 'std::operator <<'
c:\users\potapov.alexander\documents\eliademy\4\includes\writer.cpp(9): error C2676: binary '<<': 'std::stringstream' does not define this operator or a conversion to a type acceptable to the predefined operator
